{"/Users/shantanu/Desktop/netelixir/forecastai-app/backend/src/websocket.ts": {"path":"/Users/shantanu/Desktop/netelixir/forecastai-app/backend/src/websocket.ts","statementMap":{"0":{"start":{"line":7,"column":0},"end":{"line":7,"column":16}},"1":{"start":{"line":2,"column":0},"end":{"line":2,"column":59}},"2":{"start":{"line":3,"column":0},"end":{"line":3,"column":47}},"3":{"start":{"line":8,"column":2},"end":{"line":13,"column":5}},"4":{"start":{"line":15,"column":2},"end":{"line":32,"column":5}},"5":{"start":{"line":16,"column":4},"end":{"line":16,"column":53}},"6":{"start":{"line":18,"column":4},"end":{"line":27,"column":7}},"7":{"start":{"line":19,"column":6},"end":{"line":19,"column":39}},"8":{"start":{"line":20,"column":18},"end":{"line":20,"column":40}},"9":{"start":{"line":21,"column":6},"end":{"line":26,"column":7}},"10":{"start":{"line":22,"column":8},"end":{"line":25,"column":11}},"11":{"start":{"line":29,"column":4},"end":{"line":31,"column":7}},"12":{"start":{"line":30,"column":6},"end":{"line":30,"column":58}},"13":{"start":{"line":34,"column":2},"end":{"line":36,"column":5}},"14":{"start":{"line":35,"column":4},"end":{"line":35,"column":80}},"15":{"start":{"line":38,"column":2},"end":{"line":40,"column":5}},"16":{"start":{"line":39,"column":4},"end":{"line":39,"column":72}},"17":{"start":{"line":42,"column":2},"end":{"line":44,"column":5}},"18":{"start":{"line":43,"column":4},"end":{"line":43,"column":69}},"19":{"start":{"line":46,"column":2},"end":{"line":46,"column":12}}},"fnMap":{"0":{"name":"initWebSocket","decl":{"start":{"line":7,"column":16},"end":{"line":7,"column":29}},"loc":{"start":{"line":7,"column":48},"end":{"line":47,"column":1}}},"1":{"name":"(anonymous_1)","decl":{"start":{"line":15,"column":22},"end":{"line":15,"column":23}},"loc":{"start":{"line":15,"column":41},"end":{"line":32,"column":3}}},"2":{"name":"(anonymous_2)","decl":{"start":{"line":18,"column":36},"end":{"line":18,"column":37}},"loc":{"start":{"line":18,"column":54},"end":{"line":27,"column":5}}},"3":{"name":"(anonymous_3)","decl":{"start":{"line":29,"column":28},"end":{"line":29,"column":31}},"loc":{"start":{"line":29,"column":33},"end":{"line":31,"column":5}}},"4":{"name":"(anonymous_4)","decl":{"start":{"line":34,"column":26},"end":{"line":34,"column":27}},"loc":{"start":{"line":34,"column":55},"end":{"line":36,"column":3}}},"5":{"name":"(anonymous_5)","decl":{"start":{"line":38,"column":26},"end":{"line":38,"column":27}},"loc":{"start":{"line":38,"column":45},"end":{"line":40,"column":3}}},"6":{"name":"(anonymous_6)","decl":{"start":{"line":42,"column":24},"end":{"line":42,"column":25}},"loc":{"start":{"line":42,"column":42},"end":{"line":44,"column":3}}}},"branchMap":{"0":{"loc":{"start":{"line":10,"column":14},"end":{"line":10,"column":64}},"type":"binary-expr","locations":[{"start":{"line":10,"column":14},"end":{"line":10,"column":37}},{"start":{"line":10,"column":41},"end":{"line":10,"column":64}}]},"1":{"loc":{"start":{"line":21,"column":6},"end":{"line":26,"column":7}},"type":"if","locations":[{"start":{"line":21,"column":6},"end":{"line":26,"column":7}}]}},"s":{"0":1,"1":1,"2":1,"3":1,"4":1,"5":1,"6":1,"7":5,"8":5,"9":5,"10":5,"11":1,"12":1,"13":1,"14":2,"15":1,"16":1,"17":1,"18":1,"19":1},"f":{"0":1,"1":1,"2":5,"3":1,"4":2,"5":1,"6":1},"b":{"0":[1,1],"1":[5]}}
,"/Users/shantanu/Desktop/netelixir/forecastai-app/backend/src/services/jobQueue.ts": {"path":"/Users/shantanu/Desktop/netelixir/forecastai-app/backend/src/services/jobQueue.ts","statementMap":{"0":{"start":{"line":1,"column":0},"end":{"line":1,"column":36}},"1":{"start":{"line":2,"column":0},"end":{"line":2,"column":34}},"2":{"start":{"line":15,"column":10},"end":{"line":15,"column":53}},"3":{"start":{"line":18,"column":15},"end":{"line":18,"column":23}},"4":{"start":{"line":19,"column":4},"end":{"line":25,"column":7}},"5":{"start":{"line":26,"column":4},"end":{"line":26,"column":14}},"6":{"start":{"line":30,"column":4},"end":{"line":30,"column":37}},"7":{"start":{"line":34,"column":16},"end":{"line":34,"column":33}},"8":{"start":{"line":35,"column":4},"end":{"line":41,"column":5}},"9":{"start":{"line":36,"column":6},"end":{"line":36,"column":30}},"10":{"start":{"line":37,"column":6},"end":{"line":37,"column":38}},"11":{"start":{"line":37,"column":18},"end":{"line":37,"column":38}},"12":{"start":{"line":38,"column":6},"end":{"line":38,"column":33}},"13":{"start":{"line":39,"column":6},"end":{"line":39,"column":66}},"14":{"start":{"line":40,"column":6},"end":{"line":40,"column":29}},"15":{"start":{"line":45,"column":16},"end":{"line":45,"column":33}},"16":{"start":{"line":46,"column":4},"end":{"line":53,"column":5}},"17":{"start":{"line":47,"column":6},"end":{"line":47,"column":31}},"18":{"start":{"line":48,"column":6},"end":{"line":48,"column":25}},"19":{"start":{"line":49,"column":6},"end":{"line":49,"column":26}},"20":{"start":{"line":50,"column":6},"end":{"line":50,"column":33}},"21":{"start":{"line":51,"column":6},"end":{"line":51,"column":29}},"22":{"start":{"line":52,"column":6},"end":{"line":52,"column":44}},"23":{"start":{"line":57,"column":16},"end":{"line":57,"column":33}},"24":{"start":{"line":58,"column":4},"end":{"line":64,"column":5}},"25":{"start":{"line":59,"column":6},"end":{"line":59,"column":28}},"26":{"start":{"line":60,"column":6},"end":{"line":60,"column":24}},"27":{"start":{"line":61,"column":6},"end":{"line":61,"column":33}},"28":{"start":{"line":62,"column":6},"end":{"line":62,"column":29}},"29":{"start":{"line":63,"column":6},"end":{"line":63,"column":41}},"30":{"start":{"line":68,"column":16},"end":{"line":68,"column":17}},"31":{"start":{"line":69,"column":4},"end":{"line":71,"column":5}},"32":{"start":{"line":70,"column":6},"end":{"line":70,"column":47}},"33":{"start":{"line":70,"column":39},"end":{"line":70,"column":47}},"34":{"start":{"line":72,"column":4},"end":{"line":72,"column":17}},"35":{"start":{"line":76,"column":16},"end":{"line":76,"column":26}},"36":{"start":{"line":77,"column":4},"end":{"line":80,"column":5}},"37":{"start":{"line":78,"column":18},"end":{"line":78,"column":71}},"38":{"start":{"line":79,"column":6},"end":{"line":79,"column":55}},"39":{"start":{"line":79,"column":34},"end":{"line":79,"column":55}},"40":{"start":{"line":84,"column":13},"end":{"line":84,"column":39}},"41":{"start":{"line":86,"column":0},"end":{"line":86,"column":54}},"42":{"start":{"line":86,"column":18},"end":{"line":86,"column":36}}},"fnMap":{"0":{"name":"(anonymous_1)","decl":{"start":{"line":14,"column":0},"end":{"line":14,"column":6}},"loc":{"start":{"line":14,"column":0},"end":{"line":82,"column":1}}},"1":{"name":"(anonymous_2)","decl":{"start":{"line":17,"column":2},"end":{"line":17,"column":11}},"loc":{"start":{"line":17,"column":11},"end":{"line":27,"column":3}}},"2":{"name":"(anonymous_3)","decl":{"start":{"line":29,"column":2},"end":{"line":29,"column":8}},"loc":{"start":{"line":29,"column":19},"end":{"line":31,"column":3}}},"3":{"name":"(anonymous_4)","decl":{"start":{"line":33,"column":2},"end":{"line":33,"column":16}},"loc":{"start":{"line":33,"column":77},"end":{"line":42,"column":3}}},"4":{"name":"(anonymous_5)","decl":{"start":{"line":44,"column":2},"end":{"line":44,"column":13}},"loc":{"start":{"line":44,"column":37},"end":{"line":54,"column":3}}},"5":{"name":"(anonymous_6)","decl":{"start":{"line":56,"column":2},"end":{"line":56,"column":9}},"loc":{"start":{"line":56,"column":35},"end":{"line":65,"column":3}}},"6":{"name":"(anonymous_7)","decl":{"start":{"line":67,"column":2},"end":{"line":67,"column":16}},"loc":{"start":{"line":67,"column":16},"end":{"line":73,"column":3}}},"7":{"name":"(anonymous_8)","decl":{"start":{"line":75,"column":2},"end":{"line":75,"column":9}},"loc":{"start":{"line":75,"column":39},"end":{"line":81,"column":3}}},"8":{"name":"(anonymous_9)","decl":{"start":{"line":86,"column":12},"end":{"line":86,"column":15}},"loc":{"start":{"line":86,"column":18},"end":{"line":86,"column":36}}}},"branchMap":{"0":{"loc":{"start":{"line":30,"column":11},"end":{"line":30,"column":36}},"type":"binary-expr","locations":[{"start":{"line":30,"column":11},"end":{"line":30,"column":28}},{"start":{"line":30,"column":32},"end":{"line":30,"column":36}}]},"1":{"loc":{"start":{"line":35,"column":4},"end":{"line":41,"column":5}},"type":"if","locations":[{"start":{"line":35,"column":4},"end":{"line":41,"column":5}}]},"2":{"loc":{"start":{"line":37,"column":6},"end":{"line":37,"column":38}},"type":"if","locations":[{"start":{"line":37,"column":6},"end":{"line":37,"column":38}}]},"3":{"loc":{"start":{"line":46,"column":4},"end":{"line":53,"column":5}},"type":"if","locations":[{"start":{"line":46,"column":4},"end":{"line":53,"column":5}}]},"4":{"loc":{"start":{"line":58,"column":4},"end":{"line":64,"column":5}},"type":"if","locations":[{"start":{"line":58,"column":4},"end":{"line":64,"column":5}}]},"5":{"loc":{"start":{"line":70,"column":6},"end":{"line":70,"column":47}},"type":"if","locations":[{"start":{"line":70,"column":6},"end":{"line":70,"column":47}}]},"6":{"loc":{"start":{"line":75,"column":10},"end":{"line":75,"column":39}},"type":"default-arg","locations":[{"start":{"line":75,"column":37},"end":{"line":75,"column":39}}]},"7":{"loc":{"start":{"line":79,"column":6},"end":{"line":79,"column":55}},"type":"if","locations":[{"start":{"line":79,"column":6},"end":{"line":79,"column":55}}]}},"s":{"0":1,"1":1,"2":1,"3":5,"4":5,"5":5,"6":5,"7":2,"8":2,"9":2,"10":2,"11":2,"12":2,"13":2,"14":2,"15":1,"16":1,"17":1,"18":1,"19":1,"20":1,"21":1,"22":1,"23":1,"24":1,"25":1,"26":1,"27":1,"28":1,"29":1,"30":0,"31":0,"32":0,"33":0,"34":0,"35":5,"36":5,"37":5,"38":5,"39":5,"40":1,"41":1,"42":0},"f":{"0":1,"1":5,"2":5,"3":2,"4":1,"5":1,"6":0,"7":5,"8":0},"b":{"0":[5,0],"1":[2],"2":[2],"3":[1],"4":[1],"5":[0],"6":[0],"7":[5]}}
}
