TN:
SF:src/core/logging/logger.ts
FN:19,(anonymous_1)
FN:33,withContext
FN:41,info
FN:45,warn
FN:49,error
FN:53,debug
FNF:6
FNH:3
FNDA:2,(anonymous_1)
FNDA:2,withContext
FNDA:2,info
FNDA:0,warn
FNDA:0,error
FNDA:0,debug
DA:1,1
DA:2,1
DA:4,1
DA:6,1
DA:20,2
DA:21,2
DA:22,2
DA:23,0
DA:25,2
DA:34,2
DA:35,2
DA:36,0
DA:38,2
DA:41,1
DA:42,2
DA:45,1
DA:46,0
DA:49,1
DA:50,0
DA:53,1
DA:54,0
DA:57,1
LF:22
LH:17
BRDA:7,0,0,0
BRDA:7,0,1,1
BRDA:16,1,0,1
BRDA:16,1,1,0
BRDA:21,2,0,0
BRDA:22,3,0,0
BRDA:22,4,0,2
BRDA:22,4,1,2
BRDA:33,5,0,2
BRDA:35,6,0,0
BRF:10
BRH:5
end_of_record
TN:
SF:src/features/alerts/services/alert-intelligence.service.ts
FN:25,avg
FN:27,(anonymous_1)
FN:30,stdDev
FN:32,(anonymous_3)
FN:35,trendDirection
FN:43,detectSpike
FN:52,detectDip
FN:61,(anonymous_7)
FN:64,(anonymous_8)
FN:82,(anonymous_9)
FN:83,(anonymous_10)
FN:178,(anonymous_11)
FN:232,(anonymous_12)
FN:238,(anonymous_13)
FN:239,(anonymous_14)
FN:245,(anonymous_15)
FN:256,(anonymous_16)
FN:261,(anonymous_17)
FN:264,(anonymous_18)
FN:268,(anonymous_19)
FN:272,(anonymous_20)
FN:279,(anonymous_21)
FN:280,(anonymous_22)
FNF:23
FNH:7
FNDA:0,avg
FNDA:0,(anonymous_1)
FNDA:0,stdDev
FNDA:0,(anonymous_3)
FNDA:0,trendDirection
FNDA:0,detectSpike
FNDA:0,detectDip
FNDA:2,(anonymous_7)
FNDA:2,(anonymous_8)
FNDA:0,(anonymous_9)
FNDA:0,(anonymous_10)
FNDA:0,(anonymous_11)
FNDA:0,(anonymous_12)
FNDA:1,(anonymous_13)
FNDA:1,(anonymous_14)
FNDA:0,(anonymous_15)
FNDA:1,(anonymous_16)
FNDA:0,(anonymous_17)
FNDA:0,(anonymous_18)
FNDA:0,(anonymous_19)
FNDA:0,(anonymous_20)
FNDA:1,(anonymous_21)
FNDA:2,(anonymous_22)
DA:1,1
DA:23,1
DA:26,0
DA:27,0
DA:31,0
DA:32,0
DA:36,0
DA:37,0
DA:38,0
DA:39,0
DA:40,0
DA:44,0
DA:45,0
DA:46,0
DA:47,0
DA:48,0
DA:49,0
DA:53,0
DA:54,0
DA:55,0
DA:56,0
DA:57,0
DA:58,0
DA:61,1
DA:62,2
DA:65,2
DA:66,2
DA:68,2
DA:69,2
DA:71,2
DA:72,0
DA:73,0
DA:74,0
DA:76,0
DA:77,0
DA:80,2
DA:81,0
DA:82,0
DA:83,0
DA:84,0
DA:85,0
DA:86,0
DA:88,0
DA:89,0
DA:103,0
DA:104,0
DA:118,0
DA:119,0
DA:133,0
DA:134,0
DA:146,0
DA:147,0
DA:161,0
DA:162,0
DA:177,2
DA:178,0
DA:179,0
DA:180,0
DA:181,0
DA:182,0
DA:183,0
DA:184,0
DA:185,0
DA:201,0
DA:202,0
DA:217,2
DA:218,2
DA:232,2
DA:234,2
DA:235,2
DA:239,1
DA:240,1
DA:241,1
DA:242,1
DA:246,0
DA:247,0
DA:248,0
DA:249,0
DA:250,0
DA:253,0
DA:257,1
DA:259,1
DA:260,0
DA:261,0
DA:263,0
DA:264,0
DA:266,0
DA:267,0
DA:268,0
DA:270,0
DA:271,0
DA:272,0
DA:276,1
DA:280,2
DA:284,1
LF:95
LH:25
BRDA:26,0,0,0
BRDA:36,1,0,0
BRDA:40,2,0,0
BRDA:40,2,1,0
BRDA:44,3,0,0
BRDA:49,4,0,0
BRDA:49,4,1,0
BRDA:53,5,0,0
BRDA:58,6,0,0
BRDA:58,6,1,0
BRDA:72,7,0,0
BRDA:76,8,0,0
BRDA:76,8,1,0
BRDA:77,9,0,0
BRDA:77,9,1,0
BRDA:77,9,2,0
BRDA:84,10,0,0
BRDA:84,10,1,0
BRDA:88,11,0,0
BRDA:103,12,0,0
BRDA:118,13,0,0
BRDA:133,14,0,0
BRDA:133,14,1,0
BRDA:133,15,0,0
BRDA:133,15,1,0
BRDA:146,16,0,0
BRDA:146,17,0,0
BRDA:146,17,1,0
BRDA:161,18,0,0
BRDA:161,19,0,0
BRDA:161,19,1,0
BRDA:177,20,0,0
BRDA:178,21,0,0
BRDA:178,21,1,0
BRDA:178,21,2,0
BRDA:179,22,0,0
BRDA:182,23,0,0
BRDA:184,24,0,0
BRDA:201,25,0,0
BRDA:201,26,0,0
BRDA:201,26,1,0
BRDA:217,27,0,2
BRDA:232,28,0,0
BRDA:232,28,1,0
BRDA:232,29,0,0
BRDA:232,29,1,0
BRDA:240,30,0,0
BRDA:248,31,0,0
BRDA:259,32,0,0
BRDA:260,33,0,0
BRDA:263,34,0,0
BRDA:266,35,0,0
BRDA:270,36,0,0
BRF:53
BRH:1
end_of_record
TN:
SF:src/features/forecasting/services/job-queue.service.ts
FN:14,(anonymous_1)
FN:17,(anonymous_2)
FN:29,(anonymous_3)
FN:33,(anonymous_4)
FN:44,(anonymous_5)
FN:56,(anonymous_6)
FN:67,(anonymous_7)
FN:75,(anonymous_8)
FN:86,(anonymous_9)
FNF:9
FNH:7
FNDA:1,(anonymous_1)
FNDA:5,(anonymous_2)
FNDA:5,(anonymous_3)
FNDA:2,(anonymous_4)
FNDA:1,(anonymous_5)
FNDA:1,(anonymous_6)
FNDA:0,(anonymous_7)
FNDA:5,(anonymous_8)
FNDA:0,(anonymous_9)
DA:1,1
DA:2,1
DA:15,1
DA:18,5
DA:19,5
DA:26,5
DA:30,5
DA:34,2
DA:35,2
DA:36,2
DA:37,2
DA:38,2
DA:39,2
DA:40,2
DA:45,1
DA:46,1
DA:47,1
DA:48,1
DA:49,1
DA:50,1
DA:51,1
DA:52,1
DA:57,1
DA:58,1
DA:59,1
DA:60,1
DA:61,1
DA:62,1
DA:63,1
DA:68,0
DA:69,0
DA:70,0
DA:72,0
DA:76,5
DA:77,5
DA:78,5
DA:79,5
DA:84,1
DA:86,1
LF:39
LH:35
BRDA:30,0,0,5
BRDA:30,0,1,0
BRDA:35,1,0,2
BRDA:37,2,0,2
BRDA:46,3,0,1
BRDA:58,4,0,1
BRDA:70,5,0,0
BRDA:75,6,0,0
BRDA:79,7,0,5
BRF:9
BRH:6
end_of_record
TN:
SF:src/features/forecasting/websocket/forecast.ws.ts
FN:8,initWebSocket
FN:16,(anonymous_2)
FN:19,(anonymous_3)
FN:30,(anonymous_4)
FN:35,(anonymous_5)
FN:39,(anonymous_6)
FN:43,(anonymous_7)
FNF:7
FNH:7
FNDA:1,initWebSocket
FNDA:1,(anonymous_2)
FNDA:5,(anonymous_3)
FNDA:1,(anonymous_4)
FNDA:2,(anonymous_5)
FNDA:1,(anonymous_6)
FNDA:1,(anonymous_7)
DA:2,1
DA:3,1
DA:4,1
DA:8,1
DA:9,1
DA:16,1
DA:17,1
DA:19,1
DA:20,5
DA:21,5
DA:22,5
DA:23,5
DA:30,1
DA:31,1
DA:35,1
DA:36,2
DA:39,1
DA:40,1
DA:43,1
DA:44,1
DA:47,1
LF:21
LH:21
BRDA:11,0,0,1
BRDA:11,0,1,1
BRDA:22,1,0,5
BRF:3
BRH:3
end_of_record
TN:
SF:src/features/planner/services/goal-planner.service.ts
FN:29,(anonymous_0)
FN:56,(anonymous_1)
FN:111,(anonymous_2)
FN:121,(anonymous_3)
FN:165,(anonymous_4)
FN:175,(anonymous_5)
FN:182,(anonymous_6)
FN:183,(anonymous_7)
FN:185,(anonymous_8)
FN:197,(anonymous_9)
FN:211,(anonymous_10)
FN:217,(anonymous_11)
FN:220,(anonymous_12)
FN:223,(anonymous_13)
FN:234,(anonymous_14)
FN:242,(anonymous_15)
FN:296,(anonymous_16)
FN:308,(anonymous_17)
FNF:18
FNH:12
FNDA:2,(anonymous_0)
FNDA:6,(anonymous_1)
FNDA:2,(anonymous_2)
FNDA:0,(anonymous_3)
FNDA:0,(anonymous_4)
FNDA:0,(anonymous_5)
FNDA:0,(anonymous_6)
FNDA:0,(anonymous_7)
FNDA:0,(anonymous_8)
FNDA:2,(anonymous_9)
FNDA:2,(anonymous_10)
FNDA:6,(anonymous_11)
FNDA:6,(anonymous_12)
FNDA:6,(anonymous_13)
FNDA:6,(anonymous_14)
FNDA:2,(anonymous_15)
FNDA:6,(anonymous_16)
FNDA:6,(anonymous_17)
DA:22,1
DA:28,1
DA:35,2
DA:36,0
DA:38,2
DA:39,0
DA:42,2
DA:43,2
DA:44,2
DA:45,0
DA:56,6
DA:57,2
DA:59,2
DA:60,2
DA:62,2
DA:63,2
DA:65,2
DA:66,6
DA:67,6
DA:68,6
DA:70,6
DA:71,6
DA:73,6
DA:74,6
DA:76,6
DA:77,6
DA:78,6
DA:79,0
DA:80,6
DA:81,0
DA:85,6
DA:86,6
DA:87,6
DA:90,2
DA:92,2
DA:96,2
DA:98,2
DA:100,2
DA:115,2
DA:116,0
DA:118,2
DA:125,0
DA:127,0
DA:128,0
DA:129,0
DA:130,0
DA:132,0
DA:133,0
DA:134,0
DA:137,0
DA:139,0
DA:140,0
DA:141,0
DA:142,0
DA:143,0
DA:146,0
DA:148,0
DA:149,0
DA:151,0
DA:152,0
DA:153,0
DA:155,0
DA:162,0
DA:166,0
DA:167,0
DA:168,0
DA:169,0
DA:170,0
DA:172,0
DA:176,0
DA:178,0
DA:179,0
DA:180,0
DA:182,0
DA:183,0
DA:185,0
DA:186,0
DA:188,0
DA:189,0
DA:191,0
DA:192,0
DA:194,0
DA:201,2
DA:202,2
DA:203,6
DA:204,6
DA:205,6
DA:208,2
DA:217,6
DA:218,2
DA:220,6
DA:223,6
DA:224,2
DA:225,2
DA:226,2
DA:227,2
DA:228,2
DA:230,0
DA:234,6
DA:236,2
DA:238,2
DA:239,2
DA:249,2
DA:251,2
DA:252,6
DA:253,6
DA:254,6
DA:256,6
DA:257,0
DA:263,0
DA:266,6
DA:268,6
DA:272,6
DA:273,3
DA:279,3
DA:280,0
DA:287,3
DA:296,6
DA:297,2
DA:299,2
DA:300,0
DA:308,6
DA:309,2
DA:310,0
DA:318,2
DA:322,1
LF:126
LH:73
BRDA:35,0,0,0
BRDA:38,1,0,0
BRDA:44,2,0,0
BRDA:67,3,0,6
BRDA:67,3,1,0
BRDA:68,4,0,6
BRDA:68,4,1,0
BRDA:76,5,0,6
BRDA:78,6,0,0
BRDA:78,6,1,6
BRDA:80,7,0,0
BRDA:92,8,0,2
BRDA:92,8,1,0
BRDA:115,9,0,0
BRDA:115,10,0,2
BRDA:115,10,1,0
BRDA:128,11,0,0
BRDA:128,11,1,0
BRDA:129,12,0,0
BRDA:132,13,0,0
BRDA:132,13,1,0
BRDA:133,14,0,0
BRDA:133,14,1,0
BRDA:133,14,2,0
BRDA:140,15,0,0
BRDA:142,16,0,0
BRDA:142,16,1,0
BRDA:146,17,0,0
BRDA:146,17,1,0
BRDA:152,18,0,0
BRDA:152,18,1,0
BRDA:168,19,0,0
BRDA:169,20,0,0
BRDA:169,20,1,0
BRDA:169,20,2,0
BRDA:170,21,0,0
BRDA:170,21,1,0
BRDA:170,22,0,0
BRDA:170,22,1,0
BRDA:176,23,0,0
BRDA:186,24,0,0
BRDA:186,24,1,0
BRDA:188,25,0,0
BRDA:188,25,1,0
BRDA:204,26,0,6
BRDA:218,27,0,0
BRDA:225,28,0,2
BRDA:227,29,0,2
BRDA:227,29,1,0
BRDA:253,30,0,6
BRDA:253,30,1,0
BRDA:254,31,0,6
BRDA:254,31,1,0
BRDA:256,32,0,0
BRDA:256,33,0,6
BRDA:256,33,1,0
BRDA:266,34,0,0
BRDA:268,35,0,6
BRDA:268,35,1,0
BRDA:272,36,0,3
BRDA:272,36,1,3
BRDA:277,37,0,2
BRDA:277,37,1,1
BRDA:279,38,0,0
BRDA:279,38,1,3
BRDA:297,39,0,2
BRDA:297,39,1,0
BRDA:299,40,0,0
BRF:68
BRH:19
end_of_record
TN:
SF:src/features/planner/services/promotion-simulator.service.ts
FN:21,(anonymous_0)
FN:84,(anonymous_1)
FN:102,(anonymous_2)
FNF:3
FNH:3
FNDA:3,(anonymous_0)
FNDA:3,(anonymous_1)
FNDA:3,(anonymous_2)
DA:20,1
DA:22,3
DA:24,3
DA:26,3
DA:27,3
DA:28,3
DA:29,3
DA:30,3
DA:32,3
DA:33,3
DA:34,3
DA:36,3
DA:37,3
DA:38,3
DA:40,3
DA:41,3
DA:43,3
DA:44,3
DA:46,3
DA:57,3
DA:72,3
DA:85,3
DA:86,0
DA:88,3
DA:89,0
DA:91,3
DA:92,0
DA:94,3
DA:95,0
DA:97,3
DA:98,0
DA:112,3
DA:114,3
DA:115,3
DA:117,3
DA:118,0
DA:119,0
DA:121,0
DA:124,3
DA:125,3
DA:128,0
DA:129,0
DA:132,0
DA:136,1
LF:44
LH:33
BRDA:27,0,0,3
BRDA:27,0,1,0
BRDA:29,1,0,3
BRDA:29,1,1,0
BRDA:30,2,0,3
BRDA:30,2,1,0
BRDA:41,3,0,3
BRDA:41,3,1,0
BRDA:85,4,0,0
BRDA:85,5,0,3
BRDA:85,5,1,3
BRDA:88,6,0,0
BRDA:91,7,0,0
BRDA:94,8,0,0
BRDA:94,9,0,3
BRDA:94,9,1,3
BRDA:97,10,0,0
BRDA:97,11,0,3
BRDA:97,11,1,3
BRDA:117,12,0,0
BRDA:117,13,0,3
BRDA:117,13,1,0
BRDA:118,14,0,0
BRDA:119,15,0,0
BRDA:119,15,1,0
BRDA:124,16,0,3
BRDA:124,17,0,3
BRDA:124,17,1,3
BRDA:128,18,0,0
BRF:29
BRH:14
end_of_record
TN:
SF:src/features/planner/services/stress-tester.service.ts
FN:50,(anonymous_0)
FN:56,(anonymous_1)
FN:67,(anonymous_2)
FN:73,(anonymous_3)
FN:78,(anonymous_4)
FN:83,(anonymous_5)
FN:84,(anonymous_6)
FN:100,(anonymous_7)
FN:119,(anonymous_8)
FNF:9
FNH:6
FNDA:3,(anonymous_0)
FNDA:9,(anonymous_1)
FNDA:12,(anonymous_2)
FNDA:12,(anonymous_3)
FNDA:3,(anonymous_4)
FNDA:0,(anonymous_5)
FNDA:0,(anonymous_6)
FNDA:0,(anonymous_7)
FNDA:12,(anonymous_8)
DA:22,1
DA:49,1
DA:55,3
DA:56,9
DA:58,3
DA:60,3
DA:62,3
DA:63,12
DA:64,12
DA:67,12
DA:70,3
DA:72,3
DA:73,12
DA:83,3
DA:84,3
DA:86,3
DA:87,3
DA:88,3
DA:90,3
DA:91,3
DA:92,3
DA:93,0
DA:94,0
DA:95,0
DA:98,3
DA:99,0
DA:100,0
DA:101,0
DA:108,3
DA:124,12
DA:125,12
DA:126,12
DA:127,12
DA:129,12
DA:131,3
DA:132,3
DA:133,3
DA:134,3
DA:135,3
DA:136,3
DA:137,3
DA:140,3
DA:141,3
DA:142,3
DA:143,3
DA:144,3
DA:145,3
DA:148,3
DA:149,3
DA:150,3
DA:151,3
DA:152,3
DA:153,3
DA:156,3
DA:157,3
DA:158,3
DA:159,3
DA:160,3
DA:161,3
DA:166,12
DA:168,12
DA:170,12
DA:184,1
LF:63
LH:57
BRDA:55,0,0,3
BRDA:55,0,1,3
BRDA:83,1,0,0
BRDA:83,1,1,0
BRDA:84,2,0,0
BRDA:84,2,1,0
BRDA:84,2,2,0
BRDA:86,3,0,0
BRDA:86,3,1,3
BRDA:87,4,0,0
BRDA:87,4,1,3
BRDA:88,5,0,0
BRDA:88,5,1,3
BRDA:88,6,0,3
BRDA:88,6,1,0
BRDA:93,7,0,0
BRDA:93,7,1,0
BRDA:94,8,0,0
BRDA:95,9,0,0
BRDA:95,9,1,0
BRDA:99,10,0,0
BRDA:99,10,1,0
BRDA:104,11,0,0
BRDA:104,11,1,0
BRDA:129,12,0,3
BRDA:129,12,1,3
BRDA:129,12,2,3
BRDA:129,12,3,3
BRDA:131,13,0,3
BRDA:131,13,1,0
BRDA:140,14,0,3
BRDA:140,14,1,0
BRDA:148,15,0,3
BRDA:148,15,1,0
BRDA:156,16,0,3
BRDA:156,16,1,0
BRDA:166,17,0,3
BRDA:166,17,1,9
BRDA:166,18,0,9
BRDA:166,18,1,0
BRF:40
BRH:17
end_of_record
