TN:
SF:src/websocket.ts
FN:7,initWebSocket
FN:15,(anonymous_1)
FN:18,(anonymous_2)
FN:29,(anonymous_3)
FN:34,(anonymous_4)
FN:38,(anonymous_5)
FN:42,(anonymous_6)
FNF:7
FNH:7
FNDA:1,initWebSocket
FNDA:1,(anonymous_1)
FNDA:5,(anonymous_2)
FNDA:1,(anonymous_3)
FNDA:2,(anonymous_4)
FNDA:1,(anonymous_5)
FNDA:1,(anonymous_6)
DA:2,1
DA:3,1
DA:7,1
DA:8,1
DA:15,1
DA:16,1
DA:18,1
DA:19,5
DA:20,5
DA:21,5
DA:22,5
DA:29,1
DA:30,1
DA:34,1
DA:35,2
DA:38,1
DA:39,1
DA:42,1
DA:43,1
DA:46,1
LF:20
LH:20
BRDA:10,0,0,1
BRDA:10,0,1,1
BRDA:21,1,0,5
BRF:3
BRH:3
end_of_record
TN:
SF:src/services/jobQueue.ts
FN:14,(anonymous_1)
FN:17,(anonymous_2)
FN:29,(anonymous_3)
FN:33,(anonymous_4)
FN:44,(anonymous_5)
FN:56,(anonymous_6)
FN:67,(anonymous_7)
FN:75,(anonymous_8)
FN:86,(anonymous_9)
FNF:9
FNH:7
FNDA:1,(anonymous_1)
FNDA:5,(anonymous_2)
FNDA:5,(anonymous_3)
FNDA:2,(anonymous_4)
FNDA:1,(anonymous_5)
FNDA:1,(anonymous_6)
FNDA:0,(anonymous_7)
FNDA:5,(anonymous_8)
FNDA:0,(anonymous_9)
DA:1,1
DA:2,1
DA:15,1
DA:18,5
DA:19,5
DA:26,5
DA:30,5
DA:34,2
DA:35,2
DA:36,2
DA:37,2
DA:38,2
DA:39,2
DA:40,2
DA:45,1
DA:46,1
DA:47,1
DA:48,1
DA:49,1
DA:50,1
DA:51,1
DA:52,1
DA:57,1
DA:58,1
DA:59,1
DA:60,1
DA:61,1
DA:62,1
DA:63,1
DA:68,0
DA:69,0
DA:70,0
DA:72,0
DA:76,5
DA:77,5
DA:78,5
DA:79,5
DA:84,1
DA:86,1
LF:39
LH:35
BRDA:30,0,0,5
BRDA:30,0,1,0
BRDA:35,1,0,2
BRDA:37,2,0,2
BRDA:46,3,0,1
BRDA:58,4,0,1
BRDA:70,5,0,0
BRDA:75,6,0,0
BRDA:79,7,0,5
BRF:9
BRH:6
end_of_record
